2005.05.26 12:59 B C:\Documents and Settings\charli\My Documents\Charli's Website\warbabies\an.jpg <-- Website /afs/pitt.edu/home/c/h/charli/public/html/warbabies an.jpg
2005.05.26 12:59 B C:\Documents and Settings\charli\My Documents\Charli's Website\warbabies\Apio-WP.doc <-- Website /afs/pitt.edu/home/c/h/charli/public/html/warbabies Apio-WP.doc
2005.05.26 12:59 B C:\Documents and Settings\charli\My Documents\Charli's Website\warbabies\articles.htm <-- Website /afs/pitt.edu/home/c/h/charli/public/html/warbabies articles.htm
2005.05.26 12:59 B C:\Documents and Settings\charli\My Documents\Charli's Website\warbabies\b5.gif <-- Website /afs/pitt.edu/home/c/h/charli/public/html/warbabies b5.gif
2005.05.26 12:59 B C:\Documents and Settings\charli\My Documents\Charli's Website\warbabies\bookproject.htm <-- Website /afs/pitt.edu/home/c/h/charli/public/html/warbabies bookproject.htm
2005.05.26 12:59 B C:\Documents and Settings\charli\My Documents\Charli's Website\warbabies\books.htm <-- Website /afs/pitt.edu/home/c/h/charli/public/html/warbabies books.htm
2005.05.26 12:59 B C:\Documents and Settings\charli\My Documents\Charli's Website\warbabies\bosnia.htm <-- Website /afs/pitt.edu/home/c/h/charli/public/html/warbabies bosnia.htm
2005.05.26 12:59 B C:\Documents and Settings\charli\My Documents\Charli's Website\warbabies\bottom.png <-- Website /afs/pitt.edu/home/c/h/charli/public/html/warbabies bottom.png
2005.05.26 12:59 B C:\Documents and Settings\charli\My Documents\Charli's Website\warbabies\Carpenter-WP.doc <-- Website /afs/pitt.edu/home/c/h/charli/public/html/warbabies Carpenter-WP.doc
2005.05.26 12:59 B C:\Documents and Settings\charli\My Documents\Charli's Website\warbabies\chad.jpg <-- Website /afs/pitt.edu/home/c/h/charli/public/html/warbabies chad.jpg
2005.05.26 12:59 B C:\Documents and Settings\charli\My Documents\Charli's Website\warbabies\children_cacak.jpg <-- Website /afs/pitt.edu/home/c/h/charli/public/html/warbabies children_cacak.jpg
2005.05.26 12:59 B C:\Documents and Settings\charli\My Documents\Charli's Website\warbabies\children_index.jpg <-- Website /afs/pitt.edu/home/c/h/charli/public/html/warbabies children_index.jpg
2005.05.26 12:59 B C:\Documents and Settings\charli\My Documents\Charli's Website\warbabies\chp.htm <-- Website /afs/pitt.edu/home/c/h/charli/public/html/warbabies chp.htm
2005.05.26 12:59 B C:\Documents and Settings\charli\My Documents\Charli's Website\warbabies\chp.js <-- Website /afs/pitt.edu/home/c/h/charli/public/html/warbabies chp.js
2005.05.26 12:59 B C:\Documents and Settings\charli\My Documents\Charli's Website\warbabies\chp.smmp <-- Website /afs/pitt.edu/home/c/h/charli/public/html/warbabies chp.smmp
2005.05.26 12:59 B C:\Documents and Settings\charli\My Documents\Charli's Website\warbabies\conceptpaper.doc <-- Website /afs/pitt.edu/home/c/h/charli/public/html/warbabies conceptpaper.doc
2005.05.26 12:59 B C:\Documents and Settings\charli\My Documents\Charli's Website\warbabies\contact.htm <-- Website /afs/pitt.edu/home/c/h/charli/public/html/warbabies contact.htm
2005.05.26 12:59 B C:\Documents and Settings\charli\My Documents\Charli's Website\warbabies\cri.htm <-- Website /afs/pitt.edu/home/c/h/charli/public/html/warbabies cri.htm
2005.05.26 12:59 B C:\Documents and Settings\charli\My Documents\Charli's Website\warbabies\criindex.htm <-- Website /afs/pitt.edu/home/c/h/charli/public/html/warbabies criindex.htm
2005.05.26 12:59 B C:\Documents and Settings\charli\My Documents\Charli's Website\warbabies\delaet.doc <-- Website /afs/pitt.edu/home/c/h/charli/public/html/warbabies delaet.doc
2005.05.26 12:59 B C:\Documents and Settings\charli\My Documents\Charli's Website\warbabies\earthlights_dmsp.jpg <-- Website /afs/pitt.edu/home/c/h/charli/public/html/warbabies earthlights_dmsp.jpg
2005.05.26 12:59 B C:\Documents and Settings\charli\My Documents\Charli's Website\warbabies\easttimor.htm <-- Website /afs/pitt.edu/home/c/h/charli/public/html/warbabies easttimor.htm
2005.05.26 12:59 B C:\Documents and Settings\charli\My Documents\Charli's Website\warbabies\film.htm <-- Website /afs/pitt.edu/home/c/h/charli/public/html/warbabies film.htm
2005.05.26 12:59 B C:\Documents and Settings\charli\My Documents\Charli's Website\warbabies\Ford_logo.jpg <-- Website /afs/pitt.edu/home/c/h/charli/public/html/warbabies Ford_logo.jpg
2005.05.26 12:59 B C:\Documents and Settings\charli\My Documents\Charli's Website\warbabies\front.jpg <-- Website /afs/pitt.edu/home/c/h/charli/public/html/warbabies front.jpg
2005.05.26 12:59 B C:\Documents and Settings\charli\My Documents\Charli's Website\warbabies\get_adobe_reader.gif <-- Website /afs/pitt.edu/home/c/h/charli/public/html/warbabies get_adobe_reader.gif
2005.05.26 12:59 B C:\Documents and Settings\charli\My Documents\Charli's Website\warbabies\gspia-logo.gif <-- Website /afs/pitt.edu/home/c/h/charli/public/html/warbabies gspia-logo.gif
2005.05.26 12:59 B C:\Documents and Settings\charli\My Documents\Charli's Website\warbabies\Harris-Rimmer-WP.doc <-- Website /afs/pitt.edu/home/c/h/charli/public/html/warbabies Harris-Rimmer-WP.doc
2005.05.26 12:59 B C:\Documents and Settings\charli\My Documents\Charli's Website\warbabies\harris.doc <-- Website /afs/pitt.edu/home/c/h/charli/public/html/warbabies harris.doc
2005.05.26 12:59 B C:\Documents and Settings\charli\My Documents\Charli's Website\warbabies\header.png <-- Website /afs/pitt.edu/home/c/h/charli/public/html/warbabies header.png
2005.05.26 12:59 B C:\Documents and Settings\charli\My Documents\Charli's Website\warbabies\headerbar.png <-- Website /afs/pitt.edu/home/c/h/charli/public/html/warbabies headerbar.png
2005.05.26 12:59 B C:\Documents and Settings\charli\My Documents\Charli's Website\warbabies\in.html <-- Website /afs/pitt.edu/home/c/h/charli/public/html/warbabies in.html
2005.05.26 12:59 B C:\Documents and Settings\charli\My Documents\Charli's Website\warbabies\index.html <-- Website /afs/pitt.edu/home/c/h/charli/public/html/warbabies index.html
2005.05.26 12:59 B C:\Documents and Settings\charli\My Documents\Charli's Website\warbabies\index2.txt <-- Website /afs/pitt.edu/home/c/h/charli/public/html/warbabies index2.txt
2005.05.26 12:59 B C:\Documents and Settings\charli\My Documents\Charli's Website\warbabies\irg.html <-- Website /afs/pitt.edu/home/c/h/charli/public/html/warbabies irg.html
2005.05.26 12:59 B C:\Documents and Settings\charli\My Documents\Charli's Website\warbabies\irg.js <-- Website /afs/pitt.edu/home/c/h/charli/public/html/warbabies irg.js
2005.05.26 12:59 B C:\Documents and Settings\charli\My Documents\Charli's Website\warbabies\irg.smmp <-- Website /afs/pitt.edu/home/c/h/charli/public/html/warbabies irg.smmp
2005.05.26 12:59 B C:\Documents and Settings\charli\My Documents\Charli's Website\warbabies\issue.htm <-- Website /afs/pitt.edu/home/c/h/charli/public/html/warbabies issue.htm
2005.05.26 12:59 B C:\Documents and Settings\charli\My Documents\Charli's Website\warbabies\kos8.jpg <-- Website /afs/pitt.edu/home/c/h/charli/public/html/warbabies kos8.jpg
2005.05.26 12:59 B C:\Documents and Settings\charli\My Documents\Charli's Website\warbabies\kuwait.htm <-- Website /afs/pitt.edu/home/c/h/charli/public/html/warbabies kuwait.htm
2005.05.26 12:59 B C:\Documents and Settings\charli\My Documents\Charli's Website\warbabies\l5.gif <-- Website /afs/pitt.edu/home/c/h/charli/public/html/warbabies l5.gif
2005.05.26 12:59 B C:\Documents and Settings\charli\My Documents\Charli's Website\warbabies\left.png <-- Website /afs/pitt.edu/home/c/h/charli/public/html/warbabies left.png
2005.05.26 12:59 B C:\Documents and Settings\charli\My Documents\Charli's Website\warbabies\McEvoy-WP.doc <-- Website /afs/pitt.edu/home/c/h/charli/public/html/warbabies McEvoy-WP.doc
2005.05.26 12:59 B C:\Documents and Settings\charli\My Documents\Charli's Website\warbabies\mcevoy.doc <-- Website /afs/pitt.edu/home/c/h/charli/public/html/warbabies mcevoy.doc
2005.05.26 12:59 B C:\Documents and Settings\charli\My Documents\Charli's Website\warbabies\menu.html <-- Website /afs/pitt.edu/home/c/h/charli/public/html/warbabies menu.html
2005.05.26 12:59 B C:\Documents and Settings\charli\My Documents\Charli's Website\warbabies\menu.js <-- Website /afs/pitt.edu/home/c/h/charli/public/html/warbabies menu.js
2005.05.26 12:59 B C:\Documents and Settings\charli\My Documents\Charli's Website\warbabies\menu.smmp <-- Website /afs/pitt.edu/home/c/h/charli/public/html/warbabies menu.smmp
2005.05.26 12:59 B C:\Documents and Settings\charli\My Documents\Charli's Website\warbabies\menu2.html <-- Website /afs/pitt.edu/home/c/h/charli/public/html/warbabies menu2.html
2005.05.26 12:59 B C:\Documents and Settings\charli\My Documents\Charli's Website\warbabies\menu2.js <-- Website /afs/pitt.edu/home/c/h/charli/public/html/warbabies menu2.js
2005.05.26 12:59 B C:\Documents and Settings\charli\My Documents\Charli's Website\warbabies\menu2.smmp <-- Website /afs/pitt.edu/home/c/h/charli/public/html/warbabies menu2.smmp
2005.05.26 12:59 B C:\Documents and Settings\charli\My Documents\Charli's Website\warbabies\MertusBaxter-WP.doc <-- Website /afs/pitt.edu/home/c/h/charli/public/html/warbabies MertusBaxter-WP.doc
2005.05.26 12:59 B C:\Documents and Settings\charli\My Documents\Charli's Website\warbabies\Mitchell-WP.doc <-- Website /afs/pitt.edu/home/c/h/charli/public/html/warbabies Mitchell-WP.doc
2005.05.26 12:59 B C:\Documents and Settings\charli\My Documents\Charli's Website\warbabies\montreal.pdf <-- Website /afs/pitt.edu/home/c/h/charli/public/html/warbabies montreal.pdf
2005.05.26 12:59 B C:\Documents and Settings\charli\My Documents\Charli's Website\warbabies\newheader.png <-- Website /afs/pitt.edu/home/c/h/charli/public/html/warbabies newheader.png
2005.05.26 12:59 B C:\Documents and Settings\charli\My Documents\Charli's Website\warbabies\newheader2.png <-- Website /afs/pitt.edu/home/c/h/charli/public/html/warbabies newheader2.png
2005.05.26 12:59 B C:\Documents and Settings\charli\My Documents\Charli's Website\warbabies\news.htm <-- Website /afs/pitt.edu/home/c/h/charli/public/html/warbabies news.htm
2005.05.26 12:59 B C:\Documents and Settings\charli\My Documents\Charli's Website\warbabies\overview.htm <-- Website /afs/pitt.edu/home/c/h/charli/public/html/warbabies overview.htm
2005.05.26 12:59 B C:\Documents and Settings\charli\My Documents\Charli's Website\warbabies\pitt_bluegold_sig3.gif <-- Website /afs/pitt.edu/home/c/h/charli/public/html/warbabies pitt_bluegold_sig3.gif
2005.05.26 12:59 B C:\Documents and Settings\charli\My Documents\Charli's Website\warbabies\pittworkshop.doc <-- Website /afs/pitt.edu/home/c/h/charli/public/html/warbabies pittworkshop.doc
2005.05.26 12:59 B C:\Documents and Settings\charli\My Documents\Charli's Website\warbabies\Prince.doc <-- Website /afs/pitt.edu/home/c/h/charli/public/html/warbabies Prince.doc
2005.05.26 12:59 B C:\Documents and Settings\charli\My Documents\Charli's Website\warbabies\proceedings.doc <-- Website /afs/pitt.edu/home/c/h/charli/public/html/warbabies proceedings.doc
2005.05.26 12:59 B C:\Documents and Settings\charli\My Documents\Charli's Website\warbabies\Proceedings.doc <-- Website /afs/pitt.edu/home/c/h/charli/public/html/warbabies Proceedings.doc
2005.05.26 12:59 B C:\Documents and Settings\charli\My Documents\Charli's Website\warbabies\r5.gif <-- Website /afs/pitt.edu/home/c/h/charli/public/html/warbabies r5.gif
2005.05.26 12:59 B C:\Documents and Settings\charli\My Documents\Charli's Website\warbabies\reports.htm <-- Website /afs/pitt.edu/home/c/h/charli/public/html/warbabies reports.htm
2005.05.26 12:59 B C:\Documents and Settings\charli\My Documents\Charli's Website\warbabies\rwanda.htm <-- Website /afs/pitt.edu/home/c/h/charli/public/html/warbabies rwanda.htm
2005.05.26 12:59 B C:\Documents and Settings\charli\My Documents\Charli's Website\warbabies\s5.gif <-- Website /afs/pitt.edu/home/c/h/charli/public/html/warbabies s5.gif
2005.05.26 12:59 B C:\Documents and Settings\charli\My Documents\Charli's Website\warbabies\sl.htm <-- Website /afs/pitt.edu/home/c/h/charli/public/html/warbabies sl.htm
2005.05.26 12:59 B C:\Documents and Settings\charli\My Documents\Charli's Website\warbabies\staff.htm <-- Website /afs/pitt.edu/home/c/h/charli/public/html/warbabies staff.htm
2005.05.26 12:59 B C:\Documents and Settings\charli\My Documents\Charli's Website\warbabies\submissions.pdf <-- Website /afs/pitt.edu/home/c/h/charli/public/html/warbabies submissions.pdf
2005.05.26 12:59 B C:\Documents and Settings\charli\My Documents\Charli's Website\warbabies\sudan.htm <-- Website /afs/pitt.edu/home/c/h/charli/public/html/warbabies sudan.htm
2005.05.26 12:59 B C:\Documents and Settings\charli\My Documents\Charli's Website\warbabies\Thumbs.db <-- Website /afs/pitt.edu/home/c/h/charli/public/html/warbabies Thumbs.db
2005.05.26 12:59 B C:\Documents and Settings\charli\My Documents\Charli's Website\warbabies\uganda.htm <-- Website /afs/pitt.edu/home/c/h/charli/public/html/warbabies uganda.htm
2005.05.26 12:59 B C:\Documents and Settings\charli\My Documents\Charli's Website\warbabies\vita2005.doc <-- Website /afs/pitt.edu/home/c/h/charli/public/html/warbabies vita2005.doc
2005.05.26 12:59 B C:\Documents and Settings\charli\My Documents\Charli's Website\warbabies\warbabiessite.htm <-- Website /afs/pitt.edu/home/c/h/charli/public/html/warbabies warbabiessite.htm
2005.05.26 12:59 B C:\Documents and Settings\charli\My Documents\Charli's Website\warbabies\warbabiessite2.htm <-- Website /afs/pitt.edu/home/c/h/charli/public/html/warbabies warbabiessite2.htm
2005.05.26 12:59 B C:\Documents and Settings\charli\My Documents\Charli's Website\warbabies\warbabiessite3.htm <-- Website /afs/pitt.edu/home/c/h/charli/public/html/warbabies warbabiessite3.htm
2005.05.26 12:59 B C:\Documents and Settings\charli\My Documents\Charli's Website\warbabies\webmasterid.png <-- Website /afs/pitt.edu/home/c/h/charli/public/html/warbabies webmasterid.png
2005.05.26 12:59 B C:\Documents and Settings\charli\My Documents\Charli's Website\warbabies\Weitsman-WP.doc <-- Website /afs/pitt.edu/home/c/h/charli/public/html/warbabies Weitsman-WP.doc
2005.05.26 12:59 B C:\Documents and Settings\charli\My Documents\Charli's Website\warbabies\workingpapers.htm <-- Website /afs/pitt.edu/home/c/h/charli/public/html/warbabies workingpapers.htm
2005.05.26 13:05 B C:\Documents and Settings\charli\My Documents\Charli's Website\warbabies\articles.htm --> ftp.pitt.edu /afs/pitt.edu/home/c/h/charli/public/html/warbabies articles.htm
2005.05.26 13:11 B C:\Documents and Settings\charli\My Documents\Charli's Website\warbabies\menu2.js --> ftp.pitt.edu /afs/pitt.edu/home/c/h/charli/public/html/warbabies menu2.js
2005.05.26 13:13 B C:\Documents and Settings\charli\My Documents\Charli's Website\warbabies\books.htm --> ftp.pitt.edu /afs/pitt.edu/home/c/h/charli/public/html/warbabies books.htm
2005.05.26 13:16 B C:\Documents and Settings\charli\My Documents\Charli's Website\warbabies\menu2.js --> ftp.pitt.edu /afs/pitt.edu/home/c/h/charli/public/html/warbabies menu2.js
2005.05.26 13:46 B C:\Documents and Settings\charli\My Documents\Charli's Website\warbabies\film.htm --> ftp.pitt.edu /afs/pitt.edu/home/c/h/charli/public/html/warbabies film.htm
2005.05.26 13:49 B C:\Documents and Settings\charli\My Documents\Charli's Website\warbabies\news.htm --> ftp.pitt.edu /afs/pitt.edu/home/c/h/charli/public/html/warbabies news.htm
2005.05.26 13:50 B C:\Documents and Settings\charli\My Documents\Charli's Website\warbabies\news.htm --> ftp.pitt.edu /afs/pitt.edu/home/c/h/charli/public/html/warbabies news.htm
2005.05.26 13:51 B C:\Documents and Settings\charli\My Documents\Charli's Website\warbabies\news.htm --> ftp.pitt.edu /afs/pitt.edu/home/c/h/charli/public/html/warbabies news.htm
2005.05.26 13:53 B C:\Documents and Settings\charli\My Documents\Charli's Website\warbabies\film.htm --> ftp.pitt.edu /afs/pitt.edu/home/c/h/charli/public/html/warbabies film.htm
2005.05.26 13:55 B C:\Documents and Settings\charli\My Documents\Charli's Website\warbabies\film.htm --> ftp.pitt.edu /afs/pitt.edu/home/c/h/charli/public/html/warbabies film.htm
2005.05.26 13:56 B C:\Documents and Settings\charli\My Documents\Charli's Website\warbabies\film.htm --> ftp.pitt.edu /afs/pitt.edu/home/c/h/charli/public/html/warbabies film.htm
2005.05.26 14:01 B C:\Documents and Settings\charli\My Documents\Charli's Website\warbabies\film.htm --> ftp.pitt.edu /afs/pitt.edu/home/c/h/charli/public/html/warbabies film.htm
2005.05.26 14:25 B C:\Documents and Settings\charli\My Documents\Charli's Website\warbabies\menu2.js --> ftp.pitt.edu /afs/pitt.edu/home/c/h/charli menu2.js
2005.05.26 14:25 B C:\Documents and Settings\charli\My Documents\Charli's Website\warbabies\menu2.js --> ftp.pitt.edu /afs/pitt.edu/home/c/h/charli/public/html/warbabies menu2.js
2005.05.26 14:33 B C:\Documents and Settings\charli\My Documents\Charli's Website\warbabies\reports.htm --> ftp.pitt.edu /afs/pitt.edu/home/c/h/charli/public/html/warbabies reports.htm
2005.05.26 14:35 B C:\Documents and Settings\charli\My Documents\Charli's Website\warbabies\reports.htm --> ftp.pitt.edu /afs/pitt.edu/home/c/h/charli/public/html/warbabies reports.htm
2005.05.26 14:35 B C:\Documents and Settings\charli\My Documents\Charli's Website\warbabies\articles.htm --> ftp.pitt.edu /afs/pitt.edu/home/c/h/charli/public/html/warbabies articles.htm
2005.05.26 14:36 B C:\Documents and Settings\charli\My Documents\Charli's Website\warbabies\articles.htm --> ftp.pitt.edu /afs/pitt.edu/home/c/h/charli/public/html/warbabies articles.htm
2005.08.22 15:34 B C:\Documents and Settings\charli\My Documents\Charli's Website\warbabies\workingpapers.htm --> ftp.pitt.edu /afs/pitt.edu/home/c/h/charli/public/html/warbabies workingpapers.htm
2005.09.21 15:53 B C:\Documents and Settings\charli\My Documents\Charli's Website\warbabies\Apio-WP.pdf --> ftp.pitt.edu /afs/pitt.edu/home/c/h/charli/public/html/warbabies Apio-WP.pdf
2005.09.21 15:53 B C:\Documents and Settings\charli\My Documents\Charli's Website\warbabies\Baldi-WP.pdf --> ftp.pitt.edu /afs/pitt.edu/home/c/h/charli/public/html/warbabies Baldi-WP.pdf
2005.09.21 15:53 B C:\Documents and Settings\charli\My Documents\Charli's Website\warbabies\Carpenter-WP.pdf --> ftp.pitt.edu /afs/pitt.edu/home/c/h/charli/public/html/warbabies Carpenter-WP.pdf
2005.09.21 15:53 B C:\Documents and Settings\charli\My Documents\Charli's Website\warbabies\Daniel-WP.pdf --> ftp.pitt.edu /afs/pitt.edu/home/c/h/charli/public/html/warbabies Daniel-WP.pdf
2005.09.21 15:53 B C:\Documents and Settings\charli\My Documents\Charli's Website\warbabies\DeLaet-WP.pdf --> ftp.pitt.edu /afs/pitt.edu/home/c/h/charli/public/html/warbabies DeLaet-WP.pdf
2005.09.21 15:53 B C:\Documents and Settings\charli\My Documents\Charli's Website\warbabies\Goodhart-WP.pdf --> ftp.pitt.edu /afs/pitt.edu/home/c/h/charli/public/html/warbabies Goodhart-WP.pdf
2005.09.21 15:53 B C:\Documents and Settings\charli\My Documents\Charli's Website\warbabies\McEvoy-Levy.pdf --> ftp.pitt.edu /afs/pitt.edu/home/c/h/charli/public/html/warbabies McEvoy-Levy.pdf
2005.09.21 15:53 B C:\Documents and Settings\charli\My Documents\Charli's Website\warbabies\MertusBaxter-WP.pdf --> ftp.pitt.edu /afs/pitt.edu/home/c/h/charli/public/html/warbabies MertusBaxter-WP.pdf
2005.09.21 15:53 B C:\Documents and Settings\charli\My Documents\Charli's Website\warbabies\Mitchell-WP.pdf --> ftp.pitt.edu /afs/pitt.edu/home/c/h/charli/public/html/warbabies Mitchell-WP.pdf
2005.09.21 15:53 B C:\Documents and Settings\charli\My Documents\Charli's Website\warbabies\Rimmer-WP.pdf --> ftp.pitt.edu /afs/pitt.edu/home/c/h/charli/public/html/warbabies Rimmer-WP.pdf
2005.09.21 15:53 B C:\Documents and Settings\charli\My Documents\Charli's Website\warbabies\Weitsman-WP.pdf --> ftp.pitt.edu /afs/pitt.edu/home/c/h/charli/public/html/warbabies Weitsman-WP.pdf
2005.09.21 15:55 B C:\Documents and Settings\charli\My Documents\Charli's Website\warbabies\workingpapers.htm --> ftp.pitt.edu /afs/pitt.edu/home/c/h/charli/public/html/warbabies workingpapers.htm
2005.09.21 16:02 B C:\Documents and Settings\charli\My Documents\Charli's Website\warbabies\in.html --> ftp.pitt.edu /afs/pitt.edu/home/c/h/charli/public/html/warbabies in.html
2005.09.21 16:02 B C:\Documents and Settings\charli\My Documents\Charli's Website\warbabies\index.html --> ftp.pitt.edu /afs/pitt.edu/home/c/h/charli/public/html/warbabies index.html
2005.09.21 16:07 B C:\Documents and Settings\charli\My Documents\Charli's Website\warbabies\workingpapers.htm --> ftp.pitt.edu /afs/pitt.edu/home/c/h/charli/public/html/warbabies workingpapers.htm
2005.09.21 16:09 B C:\Documents and Settings\charli\My Documents\Charli's Website\warbabies\workingpapers.htm --> ftp.pitt.edu /afs/pitt.edu/home/c/h/charli/public/html/warbabies workingpapers.htm
2005.09.22 10:43 B C:\Documents and Settings\charli\My Documents\Charli's Website\warbabies\chp.js --> ftp.pitt.edu /afs/pitt.edu/home/c/h/charli/public/html/warbabies chp.js
2005.09.22 10:43 B C:\Documents and Settings\charli\My Documents\Charli's Website\warbabies\chp.smmp --> ftp.pitt.edu /afs/pitt.edu/home/c/h/charli/public/html/warbabies chp.smmp
2005.09.22 10:43 B C:\Documents and Settings\charli\My Documents\Charli's Website\warbabies\chp.htm --> ftp.pitt.edu /afs/pitt.edu/home/c/h/charli/public/html/warbabies chp.htm
2005.10.04 15:25 B C:\Documents and Settings\charli\My Documents\Charli's Website\childrenbornofwar\menu2.js --> ftp.pitt.edu /afs/pitt.edu/home/c/h/charli/public/html/warbabies menu2.js
2005.10.04 15:31 B C:\Documents and Settings\charli\My Documents\Charli's Website\childrenbornofwar\news.htm --> ftp.pitt.edu /afs/pitt.edu/home/c/h/charli/public/html/childrenbornofwar news.htm
2005.10.04 15:35 B C:\Documents and Settings\charli\My Documents\Charli's Website\childrenbornofwar\articles.htm --> ftp.pitt.edu /afs/pitt.edu/home/c/h/charli/public/html/childrenbornofwar articles.htm
2005.10.04 15:37 B C:\Documents and Settings\charli\My Documents\Charli's Website\childrenbornofwar\Baldi-WP.doc --> ftp.pitt.edu /afs/pitt.edu/home/c/h/charli/public/html/childrenbornofwar Baldi-WP.doc
2005.10.04 15:37 B C:\Documents and Settings\charli\My Documents\Charli's Website\childrenbornofwar\books.htm --> ftp.pitt.edu /afs/pitt.edu/home/c/h/charli/public/html/childrenbornofwar books.htm
2005.10.04 15:37 B C:\Documents and Settings\charli\My Documents\Charli's Website\childrenbornofwar\bottom.png --> ftp.pitt.edu /afs/pitt.edu/home/c/h/charli/public/html/childrenbornofwar bottom.png
2005.10.04 15:37 B C:\Documents and Settings\charli\My Documents\Charli's Website\childrenbornofwar\Daniel-WP.doc --> ftp.pitt.edu /afs/pitt.edu/home/c/h/charli/public/html/childrenbornofwar Daniel-WP.doc
2005.10.04 15:37 B C:\Documents and Settings\charli\My Documents\Charli's Website\childrenbornofwar\film.htm --> ftp.pitt.edu /afs/pitt.edu/home/c/h/charli/public/html/childrenbornofwar film.htm
2005.10.04 15:37 B C:\Documents and Settings\charli\My Documents\Charli's Website\childrenbornofwar\get_adobe_reader.gif --> ftp.pitt.edu /afs/pitt.edu/home/c/h/charli/public/html/childrenbornofwar get_adobe_reader.gif
2005.10.04 15:37 B C:\Documents and Settings\charli\My Documents\Charli's Website\childrenbornofwar\Goodhart-WP.doc --> ftp.pitt.edu /afs/pitt.edu/home/c/h/charli/public/html/childrenbornofwar Goodhart-WP.doc
2005.10.04 15:37 B C:\Documents and Settings\charli\My Documents\Charli's Website\childrenbornofwar\menu2.smmp --> ftp.pitt.edu /afs/pitt.edu/home/c/h/charli/public/html/childrenbornofwar menu2.smmp
2005.10.04 15:37 B C:\Documents and Settings\charli\My Documents\Charli's Website\childrenbornofwar\New York.doc --> ftp.pitt.edu /afs/pitt.edu/home/c/h/charli/public/html/childrenbornofwar New York.doc
2005.10.04 15:37 B C:\Documents and Settings\charli\My Documents\Charli's Website\childrenbornofwar\newheader2.png --> ftp.pitt.edu /afs/pitt.edu/home/c/h/charli/public/html/childrenbornofwar newheader2.png
2005.10.04 15:37 B C:\Documents and Settings\charli\My Documents\Charli's Website\childrenbornofwar\news.htm --> ftp.pitt.edu /afs/pitt.edu/home/c/h/charli/public/html/childrenbornofwar news.htm
2005.10.04 15:37 B C:\Documents and Settings\charli\My Documents\Charli's Website\childrenbornofwar\Pittsburgh.doc --> ftp.pitt.edu /afs/pitt.edu/home/c/h/charli/public/html/childrenbornofwar Pittsburgh.doc
2005.10.04 15:37 B C:\Documents and Settings\charli\My Documents\Charli's Website\childrenbornofwar\reports.htm --> ftp.pitt.edu /afs/pitt.edu/home/c/h/charli/public/html/childrenbornofwar reports.htm
2005.10.04 15:37 B C:\Documents and Settings\charli\My Documents\Charli's Website\childrenbornofwar\vita2005.pdf --> ftp.pitt.edu /afs/pitt.edu/home/c/h/charli/public/html/childrenbornofwar vita2005.pdf
2005.10.04 15:37 B C:\Documents and Settings\charli\My Documents\Charli's Website\childrenbornofwar\webmasterid.png --> ftp.pitt.edu /afs/pitt.edu/home/c/h/charli/public/html/childrenbornofwar webmasterid.png
2006.04.06 10:41 B C:\Documents and Settings\charli\My Documents\Charli's Website\childrenbornofwar\WS_FTP.LOG <-- pitt /afs/pitt.edu/home/c/h/charli/public/html/childrenbornofwar WS_FTP.LOG
2006.10.16 11:33 B C:\Documents and Settings\charli\My Documents\Charli's Website\childrenbornofwar\Apio-WP.doc --> unixs.cis.pitt.edu /afs/pitt.edu/home/c/h/charli/public/html/childrenbornofwar Apio-WP.doc
2006.10.16 11:33 B C:\Documents and Settings\charli\My Documents\Charli's Website\childrenbornofwar\articles.htm --> unixs.cis.pitt.edu /afs/pitt.edu/home/c/h/charli/public/html/childrenbornofwar articles.htm
2006.10.16 11:33 B C:\Documents and Settings\charli\My Documents\Charli's Website\childrenbornofwar\bookproject.htm --> unixs.cis.pitt.edu /afs/pitt.edu/home/c/h/charli/public/html/childrenbornofwar bookproject.htm
2006.10.16 11:33 B C:\Documents and Settings\charli\My Documents\Charli's Website\childrenbornofwar\books.htm --> unixs.cis.pitt.edu /afs/pitt.edu/home/c/h/charli/public/html/childrenbornofwar books.htm
2006.10.16 11:33 B C:\Documents and Settings\charli\My Documents\Charli's Website\childrenbornofwar\bosnia.htm --> unixs.cis.pitt.edu /afs/pitt.edu/home/c/h/charli/public/html/childrenbornofwar bosnia.htm
2006.10.16 11:34 B C:\Documents and Settings\charli\My Documents\Charli's Website\childrenbornofwar\bottom.png --> unixs.cis.pitt.edu /afs/pitt.edu/home/c/h/charli/public/html/childrenbornofwar bottom.png
2006.10.16 11:34 B C:\Documents and Settings\charli\My Documents\Charli's Website\childrenbornofwar\chp.htm --> unixs.cis.pitt.edu /afs/pitt.edu/home/c/h/charli/public/html/childrenbornofwar chp.htm
2006.10.16 11:34 B C:\Documents and Settings\charli\My Documents\Charli's Website\childrenbornofwar\chp.js --> unixs.cis.pitt.edu /afs/pitt.edu/home/c/h/charli/public/html/childrenbornofwar chp.js
2006.10.16 11:34 B C:\Documents and Settings\charli\My Documents\Charli's Website\childrenbornofwar\contact.htm --> unixs.cis.pitt.edu /afs/pitt.edu/home/c/h/charli/public/html/childrenbornofwar contact.htm
2006.10.16 11:34 B C:\Documents and Settings\charli\My Documents\Charli's Website\childrenbornofwar\cri.htm --> unixs.cis.pitt.edu /afs/pitt.edu/home/c/h/charli/public/html/childrenbornofwar cri.htm
2006.10.16 11:34 B C:\Documents and Settings\charli\My Documents\Charli's Website\childrenbornofwar\criindex.htm --> unixs.cis.pitt.edu /afs/pitt.edu/home/c/h/charli/public/html/childrenbornofwar criindex.htm
2006.10.16 11:34 B C:\Documents and Settings\charli\My Documents\Charli's Website\childrenbornofwar\easttimor.htm --> unixs.cis.pitt.edu /afs/pitt.edu/home/c/h/charli/public/html/childrenbornofwar easttimor.htm
2006.10.16 11:34 B C:\Documents and Settings\charli\My Documents\Charli's Website\childrenbornofwar\film.htm --> unixs.cis.pitt.edu /afs/pitt.edu/home/c/h/charli/public/html/childrenbornofwar film.htm
2006.10.16 11:34 B C:\Documents and Settings\charli\My Documents\Charli's Website\childrenbornofwar\get_adobe_reader.gif --> unixs.cis.pitt.edu /afs/pitt.edu/home/c/h/charli/public/html/childrenbornofwar get_adobe_reader.gif
2006.10.16 11:34 B C:\Documents and Settings\charli\My Documents\Charli's Website\childrenbornofwar\index.html --> unixs.cis.pitt.edu /afs/pitt.edu/home/c/h/charli/public/html/childrenbornofwar index.html
2006.10.16 11:34 B C:\Documents and Settings\charli\My Documents\Charli's Website\childrenbornofwar\irg.html --> unixs.cis.pitt.edu /afs/pitt.edu/home/c/h/charli/public/html/childrenbornofwar irg.html
2006.10.16 11:34 B C:\Documents and Settings\charli\My Documents\Charli's Website\childrenbornofwar\issue.htm --> unixs.cis.pitt.edu /afs/pitt.edu/home/c/h/charli/public/html/childrenbornofwar issue.htm
2006.10.16 11:34 B C:\Documents and Settings\charli\My Documents\Charli's Website\childrenbornofwar\kuwait.htm --> unixs.cis.pitt.edu /afs/pitt.edu/home/c/h/charli/public/html/childrenbornofwar kuwait.htm
2006.10.16 11:34 B C:\Documents and Settings\charli\My Documents\Charli's Website\childrenbornofwar\menu.html --> unixs.cis.pitt.edu /afs/pitt.edu/home/c/h/charli/public/html/childrenbornofwar menu.html
2006.10.16 11:34 B C:\Documents and Settings\charli\My Documents\Charli's Website\childrenbornofwar\menu.js --> unixs.cis.pitt.edu /afs/pitt.edu/home/c/h/charli/public/html/childrenbornofwar menu.js
2006.10.16 11:34 B C:\Documents and Settings\charli\My Documents\Charli's Website\childrenbornofwar\menu2.html --> unixs.cis.pitt.edu /afs/pitt.edu/home/c/h/charli/public/html/childrenbornofwar menu2.html
2006.10.16 11:35 B C:\Documents and Settings\charli\My Documents\Charli's Website\childrenbornofwar\Mitchell-WP.doc --> unixs.cis.pitt.edu /afs/pitt.edu/home/c/h/charli/public/html/childrenbornofwar Mitchell-WP.doc
2006.10.16 11:35 B C:\Documents and Settings\charli\My Documents\Charli's Website\childrenbornofwar\Mukangendo Working Paper.pdf --> unixs.cis.pitt.edu /afs/pitt.edu/home/c/h/charli/public/html/childrenbornofwar Mukangendo Working Paper.pdf
2006.10.16 11:36 B C:\Documents and Settings\charli\My Documents\Charli's Website\childrenbornofwar\newheader2.png --> unixs.cis.pitt.edu /afs/pitt.edu/home/c/h/charli/public/html/childrenbornofwar newheader2.png
2006.10.16 11:36 B C:\Documents and Settings\charli\My Documents\Charli's Website\childrenbornofwar\news.htm --> unixs.cis.pitt.edu /afs/pitt.edu/home/c/h/charli/public/html/childrenbornofwar news.htm
2006.10.16 11:36 B C:\Documents and Settings\charli\My Documents\Charli's Website\childrenbornofwar\overview.htm --> unixs.cis.pitt.edu /afs/pitt.edu/home/c/h/charli/public/html/childrenbornofwar overview.htm
2006.10.16 11:39 B C:\Documents and Settings\charli\My Documents\Charli's Website\childrenbornofwar\Protecting Children Report.pdf --> unixs.cis.pitt.edu /afs/pitt.edu/home/c/h/charli/public/html/childrenbornofwar Protecting Children Report.pdf
2006.10.16 11:39 B C:\Documents and Settings\charli\My Documents\Charli's Website\childrenbornofwar\pub.htm --> unixs.cis.pitt.edu /afs/pitt.edu/home/c/h/charli/public/html/childrenbornofwar pub.htm
2006.10.16 11:39 B C:\Documents and Settings\charli\My Documents\Charli's Website\childrenbornofwar\reports.htm --> unixs.cis.pitt.edu /afs/pitt.edu/home/c/h/charli/public/html/childrenbornofwar reports.htm
2006.10.16 11:39 B C:\Documents and Settings\charli\My Documents\Charli's Website\childrenbornofwar\rwanda.htm --> unixs.cis.pitt.edu /afs/pitt.edu/home/c/h/charli/public/html/childrenbornofwar rwanda.htm
2006.10.16 11:39 B C:\Documents and Settings\charli\My Documents\Charli's Website\childrenbornofwar\sl.htm --> unixs.cis.pitt.edu /afs/pitt.edu/home/c/h/charli/public/html/childrenbornofwar sl.htm
2006.10.16 11:39 B C:\Documents and Settings\charli\My Documents\Charli's Website\childrenbornofwar\staff.htm --> unixs.cis.pitt.edu /afs/pitt.edu/home/c/h/charli/public/html/childrenbornofwar staff.htm
2006.10.16 11:39 B C:\Documents and Settings\charli\My Documents\Charli's Website\childrenbornofwar\sudan.htm --> unixs.cis.pitt.edu /afs/pitt.edu/home/c/h/charli/public/html/childrenbornofwar sudan.htm
2006.10.16 11:39 B C:\Documents and Settings\charli\My Documents\Charli's Website\childrenbornofwar\Thumbs.db --> unixs.cis.pitt.edu /afs/pitt.edu/home/c/h/charli/public/html/childrenbornofwar Thumbs.db
2006.10.16 11:39 B C:\Documents and Settings\charli\My Documents\Charli's Website\childrenbornofwar\webmasterid.png --> unixs.cis.pitt.edu /afs/pitt.edu/home/c/h/charli/public/html/childrenbornofwar webmasterid.png
2006.10.16 11:40 B C:\Documents and Settings\charli\My Documents\Charli's Website\childrenbornofwar\workingpapers.htm --> unixs.cis.pitt.edu /afs/pitt.edu/home/c/h/charli/public/html/childrenbornofwar workingpapers.htm
